<?xml version="1.0" encoding="UTF-8"?>
<testng-results ignored="0" total="5" passed="5" failed="0" skipped="0">
  <reporter-output>
  </reporter-output>
  <suite started-at="2024-09-24T20:43:11 IST" name="Suite" finished-at="2024-09-24T20:43:52 IST" duration-ms="40303">
    <groups>
    </groups>
    <test started-at="2024-09-24T20:43:11 IST" name="Test" finished-at="2024-09-24T20:43:52 IST" duration-ms="40303">
      <class name="com.cjc.Testclass.Test_DemoWeb">
        <test-method is-config="true" signature="openB()[pri:0, instance:com.cjc.Testclass.Test_DemoWeb@1a6d8329]" started-at="2024-09-24T20:43:09 IST" name="openB" finished-at="2024-09-24T20:43:11 IST" duration-ms="2670" status="PASS">
          <reporter-output>
          </reporter-output>
        </test-method> <!-- openB -->
        <test-method is-config="true" signature="url()[pri:0, instance:com.cjc.Testclass.Test_DemoWeb@1a6d8329]" started-at="2024-09-24T20:43:11 IST" name="url" finished-at="2024-09-24T20:43:21 IST" duration-ms="9781" status="PASS">
          <reporter-output>
          </reporter-output>
        </test-method> <!-- url -->
        <test-method is-config="true" signature="maz()[pri:0, instance:com.cjc.Testclass.Test_DemoWeb@1a6d8329]" started-at="2024-09-24T20:43:21 IST" name="maz" finished-at="2024-09-24T20:43:21 IST" duration-ms="75" status="PASS">
          <reporter-output>
          </reporter-output>
        </test-method> <!-- maz -->
        <test-method is-config="true" signature="bm()[pri:0, instance:com.cjc.Testclass.Test_DemoWeb@1a6d8329]" started-at="2024-09-24T20:43:21 IST" name="bm" finished-at="2024-09-24T20:43:21 IST" duration-ms="66" status="PASS">
          <reporter-output>
          </reporter-output>
        </test-method> <!-- bm -->
        <test-method signature="RegisterTest()[pri:1, instance:com.cjc.Testclass.Test_DemoWeb@1a6d8329]" started-at="2024-09-24T20:43:21 IST" name="RegisterTest" finished-at="2024-09-24T20:43:23 IST" duration-ms="2204" status="PASS">
          <reporter-output>
          </reporter-output>
        </test-method> <!-- RegisterTest -->
        <test-method is-config="true" signature="aftermethod()[pri:0, instance:com.cjc.Testclass.Test_DemoWeb@1a6d8329]" started-at="2024-09-24T20:43:23 IST" name="aftermethod" finished-at="2024-09-24T20:43:23 IST" duration-ms="0" status="PASS">
          <reporter-output>
          </reporter-output>
        </test-method> <!-- aftermethod -->
        <test-method is-config="true" signature="bm()[pri:0, instance:com.cjc.Testclass.Test_DemoWeb@1a6d8329]" started-at="2024-09-24T20:43:23 IST" name="bm" finished-at="2024-09-24T20:43:24 IST" duration-ms="18" status="PASS">
          <reporter-output>
          </reporter-output>
        </test-method> <!-- bm -->
        <test-method signature="loginTest(java.lang.String,java.lang.String)[pri:2, instance:com.cjc.Testclass.Test_DemoWeb@1a6d8329]" started-at="2024-09-24T20:43:24 IST" name="loginTest" finished-at="2024-09-24T20:43:28 IST" duration-ms="4691" status="PASS">
          <params>
            <param index="0">
              <value>
                <![CDATA[pratik222@gmail.com]]>
              </value>
            </param>
            <param index="1">
              <value>
                <![CDATA[pass21]]>
              </value>
            </param>
          </params>
          <reporter-output>
          </reporter-output>
        </test-method> <!-- loginTest -->
        <test-method is-config="true" signature="aftermethod()[pri:0, instance:com.cjc.Testclass.Test_DemoWeb@1a6d8329]" started-at="2024-09-24T20:43:28 IST" name="aftermethod" finished-at="2024-09-24T20:43:28 IST" duration-ms="1" status="PASS">
          <reporter-output>
          </reporter-output>
        </test-method> <!-- aftermethod -->
        <test-method is-config="true" signature="bm()[pri:0, instance:com.cjc.Testclass.Test_DemoWeb@1a6d8329]" started-at="2024-09-24T20:43:28 IST" name="bm" finished-at="2024-09-24T20:43:28 IST" duration-ms="61" status="PASS">
          <reporter-output>
          </reporter-output>
        </test-method> <!-- bm -->
        <test-method signature="selectTest()[pri:3, instance:com.cjc.Testclass.Test_DemoWeb@1a6d8329]" started-at="2024-09-24T20:43:28 IST" name="selectTest" finished-at="2024-09-24T20:43:35 IST" duration-ms="6430" status="PASS">
          <reporter-output>
          </reporter-output>
        </test-method> <!-- selectTest -->
        <test-method is-config="true" signature="aftermethod()[pri:0, instance:com.cjc.Testclass.Test_DemoWeb@1a6d8329]" started-at="2024-09-24T20:43:35 IST" name="aftermethod" finished-at="2024-09-24T20:43:35 IST" duration-ms="2" status="PASS">
          <reporter-output>
          </reporter-output>
        </test-method> <!-- aftermethod -->
        <test-method is-config="true" signature="bm()[pri:0, instance:com.cjc.Testclass.Test_DemoWeb@1a6d8329]" started-at="2024-09-24T20:43:35 IST" name="bm" finished-at="2024-09-24T20:43:35 IST" duration-ms="22" status="PASS">
          <reporter-output>
          </reporter-output>
        </test-method> <!-- bm -->
        <test-method signature="AddressTest()[pri:4, instance:com.cjc.Testclass.Test_DemoWeb@1a6d8329]" started-at="2024-09-24T20:43:35 IST" name="AddressTest" finished-at="2024-09-24T20:43:42 IST" duration-ms="7172" status="PASS">
          <reporter-output>
          </reporter-output>
        </test-method> <!-- AddressTest -->
        <test-method is-config="true" signature="aftermethod()[pri:0, instance:com.cjc.Testclass.Test_DemoWeb@1a6d8329]" started-at="2024-09-24T20:43:42 IST" name="aftermethod" finished-at="2024-09-24T20:43:42 IST" duration-ms="1" status="PASS">
          <reporter-output>
          </reporter-output>
        </test-method> <!-- aftermethod -->
        <test-method is-config="true" signature="bm()[pri:0, instance:com.cjc.Testclass.Test_DemoWeb@1a6d8329]" started-at="2024-09-24T20:43:42 IST" name="bm" finished-at="2024-09-24T20:43:42 IST" duration-ms="16" status="PASS">
          <reporter-output>
          </reporter-output>
        </test-method> <!-- bm -->
        <test-method signature="continueTest()[pri:5, instance:com.cjc.Testclass.Test_DemoWeb@1a6d8329]" started-at="2024-09-24T20:43:42 IST" name="continueTest" finished-at="2024-09-24T20:43:52 IST" duration-ms="9650" status="PASS">
          <reporter-output>
          </reporter-output>
        </test-method> <!-- continueTest -->
        <test-method is-config="true" signature="aftermethod()[pri:0, instance:com.cjc.Testclass.Test_DemoWeb@1a6d8329]" started-at="2024-09-24T20:43:52 IST" name="aftermethod" finished-at="2024-09-24T20:43:52 IST" duration-ms="1" status="PASS">
          <reporter-output>
          </reporter-output>
        </test-method> <!-- aftermethod -->
        <test-method is-config="true" signature="ac()[pri:0, instance:com.cjc.Testclass.Test_DemoWeb@1a6d8329]" started-at="2024-09-24T20:43:52 IST" name="ac" finished-at="2024-09-24T20:43:52 IST" duration-ms="0" status="PASS">
          <reporter-output>
          </reporter-output>
        </test-method> <!-- ac -->
        <test-method is-config="true" signature="at()[pri:0, instance:com.cjc.Testclass.Test_DemoWeb@1a6d8329]" started-at="2024-09-24T20:43:52 IST" name="at" finished-at="2024-09-24T20:43:52 IST" duration-ms="1" status="PASS">
          <reporter-output>
          </reporter-output>
        </test-method> <!-- at -->
        <test-method is-config="true" signature="as()[pri:0, instance:com.cjc.Testclass.Test_DemoWeb@1a6d8329]" started-at="2024-09-24T20:43:52 IST" name="as" finished-at="2024-09-24T20:43:52 IST" duration-ms="1" status="PASS">
          <reporter-output>
          </reporter-output>
        </test-method> <!-- as -->
      </class> <!-- com.cjc.Testclass.Test_DemoWeb -->
    </test> <!-- Test -->
  </suite> <!-- Suite -->
</testng-results>
