<?xml version="1.0" encoding="UTF-8"?>
<!-- Generated by org.testng.reporters.JUnitXMLReporter -->
<testsuite ignored="0" hostname="LAPTOP-F0VEO623" failures="0" tests="5" name="Test" time="40.303" errors="0" timestamp="2024-09-24T20:43:52 IST">
  <testcase classname="com.cjc.Testclass.Test_DemoWeb" name="RegisterTest" time="2.204"/>
  <testcase classname="com.cjc.Testclass.Test_DemoWeb" name="loginTest" time="4.691"/>
  <testcase classname="com.cjc.Testclass.Test_DemoWeb" name="selectTest" time="6.43"/>
  <testcase classname="com.cjc.Testclass.Test_DemoWeb" name="AddressTest" time="7.172"/>
  <testcase classname="com.cjc.Testclass.Test_DemoWeb" name="continueTest" time="9.65"/>
</testsuite> <!-- Test -->
